2022-11-15 13:00:00,002 INFO [Process Cluster Protocol Request-9] o.a.n.c.p.impl.SocketProtocolListener Finished processing request bb936063-3ebf-4bc4-92b2-2cdd336f6553 (type=HEARTBEAT, length=2235 bytes) from mynifi:8080 in 1 millis
2022-11-15 13:00:00,005 INFO [Clustering Tasks Thread-3] o.a.n.c.c.ClusterProtocolHeartbeater Heartbeat created at 2022-11-15 12:59:59,997 and sent to mynifi:8082 at 2022-11-15 13:00:00,005; send took 7 millis
2022-11-15 13:00:04,348 INFO [Heartbeat Monitor Thread-1] o.a.n.c.c.h.AbstractHeartbeatMonitor Finished processing 1 heartbeats in 12860 nanos
2022-11-15 13:00:05,027 INFO [Process Cluster Protocol Request-10] o.a.n.c.p.impl.SocketProtocolListener Finished processing request 4fa06108-b545-46d7-8abb-c7e4cc156d3d (type=HEARTBEAT, length=2235 bytes) from mynifi:8080 in 7 millis
2022-11-15 13:00:05,029 INFO [Clustering Tasks Thread-3] o.a.n.c.c.ClusterProtocolHeartbeater Heartbeat created at 2022-11-15 13:00:05,011 and sent to mynifi:8082 at 2022-11-15 13:00:05,029; send took 18 millis
2022-11-15 13:00:09,350 INFO [Heartbeat Monitor Thread-1] o.a.n.c.c.h.AbstractHeartbeatMonitor Finished processing 1 heartbeats in 10470 nanos
2022-11-15 13:00:10,041 INFO [Process Cluster Protocol Request-1] o.a.n.c.p.impl.SocketProtocolListener Finished processing request 30138639-c48d-42cb-925b-3a302d71bc29 (type=HEARTBEAT, length=2235 bytes) from mynifi:8080 in 996523 nanos
2022-11-15 13:00:10,045 INFO [Clustering Tasks Thread-3] o.a.n.c.c.ClusterProtocolHeartbeater Heartbeat created at 2022-11-15 13:00:10,030 and sent to mynifi:8082 at 2022-11-15 13:00:10,045; send took 14 millis
2022-11-15 13:00:14,350 INFO [Heartbeat Monitor Thread-1] o.a.n.c.c.h.AbstractHeartbeatMonitor Finished processing 1 heartbeats in 10876 nanos
2022-11-15 13:00:15,052 INFO [Process Cluster Protocol Request-2] o.a.n.c.p.impl.SocketProtocolListener Finished processing request 46daadd8-39e3-4562-ad69-92cec070a27b (type=HEARTBEAT, length=2235 bytes) from mynifi:8080 in 1 millis
2022-11-15 13:00:15,055 INFO [Clustering Tasks Thread-3] o.a.n.c.c.ClusterProtocolHeartbeater Heartbeat created at 2022-11-15 13:00:15,045 and sent to mynifi:8082 at 2022-11-15 13:00:15,055; send took 10 millis
2022-11-15 13:00:15,841 INFO [pool-13-thread-1] o.a.n.c.r.WriteAheadFlowFileRepository Initiating checkpoint of FlowFile Repository
2022-11-15 13:00:15,841 INFO [pool-13-thread-1] o.a.n.c.r.WriteAheadFlowFileRepository Successfully checkpointed FlowFile Repository with 0 records in 0 milliseconds
2022-11-15 13:00:19,354 INFO [Heartbeat Monitor Thread-1] o.a.n.c.c.h.AbstractHeartbeatMonitor Finished processing 1 heartbeats in 14754 nanos
2022-11-15 13:00:20,062 INFO [Process Cluster Protocol Request-3] o.a.n.c.p.impl.SocketProtocolListener Finished processing request 385c2828-059f-4ad9-93e6-89c2bfcb03fd (type=HEARTBEAT, length=2235 bytes) from mynifi:8080 in 1 millis
2022-11-15 13:00:20,067 INFO [Clustering Tasks Thread-3] o.a.n.c.c.ClusterProtocolHeartbeater Heartbeat created at 2022-11-15 13:00:20,055 and sent to mynifi:8082 at 2022-11-15 13:00:20,067; send took 11 millis
2022-11-15 13:00:24,356 INFO [Heartbeat Monitor Thread-1] o.a.n.c.c.h.AbstractHeartbeatMonitor Finished processing 1 heartbeats in 14638 nanos
2022-11-15 13:00:25,079 INFO [Process Cluster Protocol Request-4] o.a.n.c.p.impl.SocketProtocolListener Finished processing request 0054f3d4-f700-4cdd-80fd-e88756f509b0 (type=HEARTBEAT, length=2235 bytes) from mynifi:8080 in 1 millis
2022-11-15 13:00:25,081 INFO [Clustering Tasks Thread-3] o.a.n.c.c.ClusterProtocolHeartbeater Heartbeat created at 2022-11-15 13:00:25,068 and sent to mynifi:8082 at 2022-11-15 13:00:25,081; send took 12 millis
2022-11-15 13:00:29,356 INFO [Heartbeat Monitor Thread-1] o.a.n.c.c.h.AbstractHeartbeatMonitor Finished processing 1 heartbeats in 21549 nanos
2022-11-15 13:00:30,100 INFO [Process Cluster Protocol Request-5] o.a.n.c.p.impl.SocketProtocolListener Finished processing request c7ecc676-1b66-4937-9653-8938f056f7fa (type=HEARTBEAT, length=2235 bytes) from mynifi:8080 in 1 millis
2022-11-15 13:00:30,105 INFO [Clustering Tasks Thread-3] o.a.n.c.c.ClusterProtocolHeartbeater Heartbeat created at 2022-11-15 13:00:30,082 and sent to mynifi:8082 at 2022-11-15 13:00:30,105; send took 23 millis
2022-11-15 13:00:34,357 INFO [Heartbeat Monitor Thread-1] o.a.n.c.c.h.AbstractHeartbeatMonitor Finished processing 1 heartbeats in 15700 nanos
2022-11-15 13:00:35,122 INFO [Process Cluster Protocol Request-6] o.a.n.c.p.impl.SocketProtocolListener Finished processing request f1b5251e-8f09-43a1-8962-5e8b5d40d5db (type=HEARTBEAT, length=2235 bytes) from mynifi:8080 in 3 millis
2022-11-15 13:00:35,128 INFO [Clustering Tasks Thread-3] o.a.n.c.c.ClusterProtocolHeartbeater Heartbeat created at 2022-11-15 13:00:35,106 and sent to mynifi:8082 at 2022-11-15 13:00:35,128; send took 22 millis
2022-11-15 13:00:35,841 INFO [pool-13-thread-1] o.a.n.c.r.WriteAheadFlowFileRepository Initiating checkpoint of FlowFile Repository
2022-11-15 13:00:35,841 INFO [pool-13-thread-1] o.a.n.c.r.WriteAheadFlowFileRepository Successfully checkpointed FlowFile Repository with 0 records in 0 milliseconds
2022-11-15 13:00:39,357 INFO [Heartbeat Monitor Thread-1] o.a.n.c.c.h.AbstractHeartbeatMonitor Finished processing 1 heartbeats in 14443 nanos
2022-11-15 13:00:40,131 INFO [Process Cluster Protocol Request-7] o.a.n.c.p.impl.SocketProtocolListener Finished processing request 07cd4668-0b49-4642-b6ad-0b133334f0a0 (type=HEARTBEAT, length=2235 bytes) from mynifi:8080 in 1 millis
2022-11-15 13:00:40,137 INFO [Clustering Tasks Thread-3] o.a.n.c.c.ClusterProtocolHeartbeater Heartbeat created at 2022-11-15 13:00:40,128 and sent to mynifi:8082 at 2022-11-15 13:00:40,137; send took 8 millis
2022-11-15 13:00:44,361 INFO [Heartbeat Monitor Thread-1] o.a.n.c.c.h.AbstractHeartbeatMonitor Finished processing 1 heartbeats in 15300 nanos
2022-11-15 13:00:45,155 INFO [Process Cluster Protocol Request-8] o.a.n.c.p.impl.SocketProtocolListener Finished processing request f1f71959-3736-4f6f-ac8d-6d6ad9738eca (type=HEARTBEAT, length=2235 bytes) from mynifi:8080 in 3 millis
2022-11-15 13:00:45,156 INFO [Clustering Tasks Thread-3] o.a.n.c.c.ClusterProtocolHeartbeater Heartbeat created at 2022-11-15 13:00:45,137 and sent to mynifi:8082 at 2022-11-15 13:00:45,156; send took 19 millis
2022-11-15 13:00:49,362 INFO [Heartbeat Monitor Thread-1] o.a.n.c.c.h.AbstractHeartbeatMonitor Finished processing 1 heartbeats in 12834 nanos
2022-11-15 13:00:50,166 INFO [Process Cluster Protocol Request-9] o.a.n.c.p.impl.SocketProtocolListener Finished processing request b41f293d-a088-4c49-b039-87a4e363eedf (type=HEARTBEAT, length=2235 bytes) from mynifi:8080 in 1 millis
2022-11-15 13:00:50,167 INFO [Clustering Tasks Thread-3] o.a.n.c.c.ClusterProtocolHeartbeater Heartbeat created at 2022-11-15 13:00:50,156 and sent to mynifi:8082 at 2022-11-15 13:00:50,167; send took 10 millis
2022-11-15 13:00:54,364 INFO [Heartbeat Monitor Thread-1] o.a.n.c.c.h.AbstractHeartbeatMonitor Finished processing 1 heartbeats in 13773 nanos
2022-11-15 13:00:55,186 INFO [Process Cluster Protocol Request-10] o.a.n.c.p.impl.SocketProtocolListener Finished processing request ff9965d9-e3d7-4d95-8dd3-e84217b72da6 (type=HEARTBEAT, length=2235 bytes) from mynifi:8080 in 4 millis
2022-11-15 13:00:55,188 INFO [Clustering Tasks Thread-3] o.a.n.c.c.ClusterProtocolHeartbeater Heartbeat created at 2022-11-15 13:00:55,167 and sent to mynifi:8082 at 2022-11-15 13:00:55,188; send took 20 millis
2022-11-15 13:00:55,841 INFO [pool-13-thread-1] o.a.n.c.r.WriteAheadFlowFileRepository Initiating checkpoint of FlowFile Repository
2022-11-15 13:00:55,841 INFO [pool-13-thread-1] o.a.n.c.r.WriteAheadFlowFileRepository Successfully checkpointed FlowFile Repository with 0 records in 0 milliseconds
2022-11-15 13:00:56,319 INFO [Cleanup Archive for default] o.a.n.c.repository.FileSystemRepository Successfully deleted 0 files (0 bytes) from archive
2022-11-15 13:00:59,365 INFO [Heartbeat Monitor Thread-1] o.a.n.c.c.h.AbstractHeartbeatMonitor Finished processing 1 heartbeats in 13767 nanos
2022-11-15 13:01:00,200 INFO [Process Cluster Protocol Request-1] o.a.n.c.p.impl.SocketProtocolListener Finished processing request 6386ac14-8af3-47d6-bb2e-23b80f322f8f (type=HEARTBEAT, length=2235 bytes) from mynifi:8080 in 1 millis
2022-11-15 13:01:00,209 INFO [Clustering Tasks Thread-3] o.a.n.c.c.ClusterProtocolHeartbeater Heartbeat created at 2022-11-15 13:01:00,188 and sent to mynifi:8082 at 2022-11-15 13:01:00,209; send took 21 millis
2022-11-15 13:01:04,365 INFO [Heartbeat Monitor Thread-1] o.a.n.c.c.h.AbstractHeartbeatMonitor Finished processing 1 heartbeats in 13549 nanos
2022-11-15 13:01:05,217 INFO [Process Cluster Protocol Request-2] o.a.n.c.p.impl.SocketProtocolListener Finished processing request 06faef06-b782-4076-b77e-6cd371f5e20a (type=HEARTBEAT, length=2235 bytes) from mynifi:8080 in 1 millis
2022-11-15 13:01:05,218 INFO [Clustering Tasks Thread-3] o.a.n.c.c.ClusterProtocolHeartbeater Heartbeat created at 2022-11-15 13:01:05,210 and sent to mynifi:8082 at 2022-11-15 13:01:05,218; send took 8 millis
2022-11-15 13:01:09,367 INFO [Heartbeat Monitor Thread-1] o.a.n.c.c.h.AbstractHeartbeatMonitor Finished processing 1 heartbeats in 13520 nanos
2022-11-15 13:01:10,236 INFO [Process Cluster Protocol Request-3] o.a.n.c.p.impl.SocketProtocolListener Finished processing request e189cdb8-cb35-441b-aa4d-8f05fedf7e97 (type=HEARTBEAT, length=2235 bytes) from mynifi:8080 in 992236 nanos
2022-11-15 13:01:10,237 INFO [Clustering Tasks Thread-3] o.a.n.c.c.ClusterProtocolHeartbeater Heartbeat created at 2022-11-15 13:01:10,218 and sent to mynifi:8082 at 2022-11-15 13:01:10,237; send took 18 millis
2022-11-15 13:01:14,369 INFO [Heartbeat Monitor Thread-1] o.a.n.c.c.h.AbstractHeartbeatMonitor Finished processing 1 heartbeats in 30292 nanos
2022-11-15 13:01:15,247 INFO [Process Cluster Protocol Request-4] o.a.n.c.p.impl.SocketProtocolListener Finished processing request 19afebba-31df-4894-9506-e0f25bf3fbc2 (type=HEARTBEAT, length=2235 bytes) from mynifi:8080 in 1 millis
2022-11-15 13:01:15,248 INFO [Clustering Tasks Thread-3] o.a.n.c.c.ClusterProtocolHeartbeater Heartbeat created at 2022-11-15 13:01:15,237 and sent to mynifi:8082 at 2022-11-15 13:01:15,248; send took 10 millis
2022-11-15 13:01:15,842 INFO [pool-13-thread-1] o.a.n.c.r.WriteAheadFlowFileRepository Initiating checkpoint of FlowFile Repository
2022-11-15 13:01:15,842 INFO [pool-13-thread-1] o.a.n.c.r.WriteAheadFlowFileRepository Successfully checkpointed FlowFile Repository with 0 records in 0 milliseconds
2022-11-15 13:01:19,369 INFO [Heartbeat Monitor Thread-1] o.a.n.c.c.h.AbstractHeartbeatMonitor Finished processing 1 heartbeats in 13654 nanos
2022-11-15 13:01:20,260 INFO [Process Cluster Protocol Request-5] o.a.n.c.p.impl.SocketProtocolListener Finished processing request 330c5feb-2485-472a-8058-6cc6472482ac (type=HEARTBEAT, length=2235 bytes) from mynifi:8080 in 1 millis
2022-11-15 13:01:20,261 INFO [Clustering Tasks Thread-3] o.a.n.c.c.ClusterProtocolHeartbeater Heartbeat created at 2022-11-15 13:01:20,248 and sent to mynifi:8082 at 2022-11-15 13:01:20,261; send took 12 millis
2022-11-15 13:01:24,370 INFO [Heartbeat Monitor Thread-1] o.a.n.c.c.h.AbstractHeartbeatMonitor Finished processing 1 heartbeats in 13683 nanos
2022-11-15 13:01:25,275 INFO [Process Cluster Protocol Request-6] o.a.n.c.p.impl.SocketProtocolListener Finished processing request 5a3e18a8-af66-43bd-91e9-3f20f6c4cccd (type=HEARTBEAT, length=2235 bytes) from mynifi:8080 in 1 millis
2022-11-15 13:01:25,275 INFO [Clustering Tasks Thread-3] o.a.n.c.c.ClusterProtocolHeartbeater Heartbeat created at 2022-11-15 13:01:25,261 and sent to mynifi:8082 at 2022-11-15 13:01:25,275; send took 13 millis
2022-11-15 13:01:29,370 INFO [Heartbeat Monitor Thread-1] o.a.n.c.c.h.AbstractHeartbeatMonitor Finished processing 1 heartbeats in 14884 nanos
2022-11-15 13:01:30,288 INFO [Process Cluster Protocol Request-7] o.a.n.c.p.impl.SocketProtocolListener Finished processing request 73e25c6a-ac7b-47d4-ab4a-870c029be787 (type=HEARTBEAT, length=2235 bytes) from mynifi:8080 in 1 millis
2022-11-15 13:01:30,289 INFO [Clustering Tasks Thread-3] o.a.n.c.c.ClusterProtocolHeartbeater Heartbeat created at 2022-11-15 13:01:30,275 and sent to mynifi:8082 at 2022-11-15 13:01:30,289; send took 13 millis
2022-11-15 13:01:34,372 INFO [Heartbeat Monitor Thread-1] o.a.n.c.c.h.AbstractHeartbeatMonitor Finished processing 1 heartbeats in 15839 nanos
2022-11-15 13:01:35,306 INFO [Process Cluster Protocol Request-8] o.a.n.c.p.impl.SocketProtocolListener Finished processing request b74148b0-59f5-4bcd-b37e-30ae55378fc5 (type=HEARTBEAT, length=2235 bytes) from mynifi:8080 in 1 millis
2022-11-15 13:01:35,311 INFO [Clustering Tasks Thread-3] o.a.n.c.c.ClusterProtocolHeartbeater Heartbeat created at 2022-11-15 13:01:35,289 and sent to mynifi:8082 at 2022-11-15 13:01:35,311; send took 21 millis
2022-11-15 13:01:35,842 INFO [pool-13-thread-1] o.a.n.c.r.WriteAheadFlowFileRepository Initiating checkpoint of FlowFile Repository
2022-11-15 13:01:35,842 INFO [pool-13-thread-1] o.a.n.c.r.WriteAheadFlowFileRepository Successfully checkpointed FlowFile Repository with 0 records in 0 milliseconds
2022-11-15 13:01:39,374 INFO [Heartbeat Monitor Thread-1] o.a.n.c.c.h.AbstractHeartbeatMonitor Finished processing 1 heartbeats in 16429 nanos
2022-11-15 13:01:40,326 INFO [Process Cluster Protocol Request-9] o.a.n.c.p.impl.SocketProtocolListener Finished processing request 498557df-e0d2-4824-bebb-99f58c324f43 (type=HEARTBEAT, length=2235 bytes) from mynifi:8080 in 1 millis
2022-11-15 13:01:40,327 INFO [Clustering Tasks Thread-3] o.a.n.c.c.ClusterProtocolHeartbeater Heartbeat created at 2022-11-15 13:01:40,312 and sent to mynifi:8082 at 2022-11-15 13:01:40,327; send took 15 millis
2022-11-15 13:01:44,375 INFO [Heartbeat Monitor Thread-1] o.a.n.c.c.h.AbstractHeartbeatMonitor Finished processing 1 heartbeats in 13439 nanos
2022-11-15 13:01:45,345 INFO [Process Cluster Protocol Request-10] o.a.n.c.p.impl.SocketProtocolListener Finished processing request c5d8cdab-13d0-4608-a926-9a39aa4235bd (type=HEARTBEAT, length=2235 bytes) from mynifi:8080 in 3 millis
2022-11-15 13:01:45,348 INFO [Clustering Tasks Thread-3] o.a.n.c.c.ClusterProtocolHeartbeater Heartbeat created at 2022-11-15 13:01:45,328 and sent to mynifi:8082 at 2022-11-15 13:01:45,348; send took 20 millis
2022-11-15 13:01:49,375 INFO [Heartbeat Monitor Thread-1] o.a.n.c.c.h.AbstractHeartbeatMonitor Finished processing 1 heartbeats in 12863 nanos
2022-11-15 13:01:50,355 INFO [Process Cluster Protocol Request-1] o.a.n.c.p.impl.SocketProtocolListener Finished processing request dabde178-750f-49de-925a-7fd1a0719f35 (type=HEARTBEAT, length=2235 bytes) from mynifi:8080 in 3 millis
2022-11-15 13:01:50,358 INFO [Clustering Tasks Thread-3] o.a.n.c.c.ClusterProtocolHeartbeater Heartbeat created at 2022-11-15 13:01:50,349 and sent to mynifi:8082 at 2022-11-15 13:01:50,358; send took 9 millis
2022-11-15 13:01:54,376 INFO [Heartbeat Monitor Thread-1] o.a.n.c.c.h.AbstractHeartbeatMonitor Finished processing 1 heartbeats in 21501 nanos
2022-11-15 13:01:55,374 INFO [Process Cluster Protocol Request-2] o.a.n.c.p.impl.SocketProtocolListener Finished processing request 75bdb09d-9f4f-46bc-9d72-f0e1036ce572 (type=HEARTBEAT, length=2235 bytes) from mynifi:8080 in 5 millis
2022-11-15 13:01:55,376 INFO [Clustering Tasks Thread-3] o.a.n.c.c.ClusterProtocolHeartbeater Heartbeat created at 2022-11-15 13:01:55,359 and sent to mynifi:8082 at 2022-11-15 13:01:55,376; send took 16 millis
2022-11-15 13:01:55,842 INFO [pool-13-thread-1] o.a.n.c.r.WriteAheadFlowFileRepository Initiating checkpoint of FlowFile Repository
2022-11-15 13:01:55,842 INFO [pool-13-thread-1] o.a.n.c.r.WriteAheadFlowFileRepository Successfully checkpointed FlowFile Repository with 0 records in 0 milliseconds
2022-11-15 13:01:56,288 INFO [Write-Ahead Local State Provider Maintenance] org.wali.MinimalLockingWriteAheadLog org.wali.MinimalLockingWriteAheadLog@58bdcf40 checkpointed with 11 Records and 0 Swap Files in 16 milliseconds (Stop-the-world time = 2 milliseconds, Clear Edit Logs time = 2 millis), max Transaction ID 37
2022-11-15 13:01:56,329 INFO [Cleanup Archive for default] o.a.n.c.repository.FileSystemRepository Successfully deleted 0 files (0 bytes) from archive
2022-11-15 13:01:59,376 INFO [Heartbeat Monitor Thread-1] o.a.n.c.c.h.AbstractHeartbeatMonitor Finished processing 1 heartbeats in 9990 nanos
2022-11-15 13:02:00,381 INFO [Process Cluster Protocol Request-3] o.a.n.c.p.impl.SocketProtocolListener Finished processing request d15bb7dd-b8ee-43e8-9cc5-a2f0789be8e9 (type=HEARTBEAT, length=2235 bytes) from mynifi:8080 in 1 millis
2022-11-15 13:02:00,382 INFO [Clustering Tasks Thread-3] o.a.n.c.c.ClusterProtocolHeartbeater Heartbeat created at 2022-11-15 13:02:00,376 and sent to mynifi:8082 at 2022-11-15 13:02:00,382; send took 5 millis
2022-11-15 13:02:04,376 INFO [Heartbeat Monitor Thread-1] o.a.n.c.c.h.AbstractHeartbeatMonitor Finished processing 1 heartbeats in 13652 nanos
2022-11-15 13:02:05,401 INFO [Process Cluster Protocol Request-4] o.a.n.c.p.impl.SocketProtocolListener Finished processing request dce02733-93bd-4df2-905a-4c9fd7edaf50 (type=HEARTBEAT, length=2235 bytes) from mynifi:8080 in 4 millis
2022-11-15 13:02:05,405 INFO [Clustering Tasks Thread-3] o.a.n.c.c.ClusterProtocolHeartbeater Heartbeat created at 2022-11-15 13:02:05,384 and sent to mynifi:8082 at 2022-11-15 13:02:05,405; send took 20 millis
2022-11-15 13:02:09,376 INFO [Heartbeat Monitor Thread-1] o.a.n.c.c.h.AbstractHeartbeatMonitor Finished processing 1 heartbeats in 14509 nanos
2022-11-15 13:02:10,428 INFO [Process Cluster Protocol Request-5] o.a.n.c.p.impl.SocketProtocolListener Finished processing request b020de42-e60c-4fb4-80d4-04cce154b98e (type=HEARTBEAT, length=2235 bytes) from mynifi:8080 in 1 millis
2022-11-15 13:02:10,432 INFO [Clustering Tasks Thread-3] o.a.n.c.c.ClusterProtocolHeartbeater Heartbeat created at 2022-11-15 13:02:10,407 and sent to mynifi:8082 at 2022-11-15 13:02:10,432; send took 24 millis
2022-11-15 13:02:14,377 INFO [Heartbeat Monitor Thread-1] o.a.n.c.c.h.AbstractHeartbeatMonitor Finished processing 1 heartbeats in 24212 nanos
2022-11-15 13:02:15,445 INFO [Process Cluster Protocol Request-6] o.a.n.c.p.impl.SocketProtocolListener Finished processing request 74d5792b-a467-4cb0-9571-b43f9843fdfd (type=HEARTBEAT, length=2235 bytes) from mynifi:8080 in 3 millis
2022-11-15 13:02:15,456 INFO [Clustering Tasks Thread-3] o.a.n.c.c.ClusterProtocolHeartbeater Heartbeat created at 2022-11-15 13:02:15,432 and sent to mynifi:8082 at 2022-11-15 13:02:15,456; send took 23 millis
2022-11-15 13:02:15,842 INFO [pool-13-thread-1] o.a.n.c.r.WriteAheadFlowFileRepository Initiating checkpoint of FlowFile Repository
2022-11-15 13:02:15,844 INFO [pool-13-thread-1] o.a.n.c.r.WriteAheadFlowFileRepository Successfully checkpointed FlowFile Repository with 0 records in 0 milliseconds
2022-11-15 13:02:19,378 INFO [Heartbeat Monitor Thread-1] o.a.n.c.c.h.AbstractHeartbeatMonitor Finished processing 1 heartbeats in 9609 nanos
2022-11-15 13:02:20,469 INFO [Process Cluster Protocol Request-7] o.a.n.c.p.impl.SocketProtocolListener Finished processing request 93777807-0bed-47ee-9ed2-774d2e761ab4 (type=HEARTBEAT, length=2235 bytes) from mynifi:8080 in 1 millis
2022-11-15 13:02:20,471 INFO [Clustering Tasks Thread-3] o.a.n.c.c.ClusterProtocolHeartbeater Heartbeat created at 2022-11-15 13:02:20,457 and sent to mynifi:8082 at 2022-11-15 13:02:20,470; send took 13 millis
2022-11-15 13:02:24,378 INFO [Heartbeat Monitor Thread-1] o.a.n.c.c.h.AbstractHeartbeatMonitor Finished processing 1 heartbeats in 14845 nanos
2022-11-15 13:02:25,485 INFO [Process Cluster Protocol Request-8] o.a.n.c.p.impl.SocketProtocolListener Finished processing request 464568f9-4faa-41e8-bf72-2e85c31ed79e (type=HEARTBEAT, length=2235 bytes) from mynifi:8080 in 4 millis
2022-11-15 13:02:25,486 INFO [Clustering Tasks Thread-3] o.a.n.c.c.ClusterProtocolHeartbeater Heartbeat created at 2022-11-15 13:02:25,471 and sent to mynifi:8082 at 2022-11-15 13:02:25,486; send took 15 millis
2022-11-15 13:02:29,378 INFO [Heartbeat Monitor Thread-1] o.a.n.c.c.h.AbstractHeartbeatMonitor Finished processing 1 heartbeats in 14798 nanos
2022-11-15 13:02:30,498 INFO [Process Cluster Protocol Request-9] o.a.n.c.p.impl.SocketProtocolListener Finished processing request 1a803389-89a5-4ab4-9aa9-5c81cc899c6f (type=HEARTBEAT, length=2235 bytes) from mynifi:8080 in 3 millis
2022-11-15 13:02:30,499 INFO [Clustering Tasks Thread-3] o.a.n.c.c.ClusterProtocolHeartbeater Heartbeat created at 2022-11-15 13:02:30,487 and sent to mynifi:8082 at 2022-11-15 13:02:30,499; send took 11 millis
2022-11-15 13:02:34,378 INFO [Heartbeat Monitor Thread-1] o.a.n.c.c.h.AbstractHeartbeatMonitor Finished processing 1 heartbeats in 14030 nanos
2022-11-15 13:02:35,510 INFO [Process Cluster Protocol Request-10] o.a.n.c.p.impl.SocketProtocolListener Finished processing request 45ac659f-1929-45b0-a8f6-8845f583c8d8 (type=HEARTBEAT, length=2235 bytes) from mynifi:8080 in 3 millis
2022-11-15 13:02:35,511 INFO [Clustering Tasks Thread-3] o.a.n.c.c.ClusterProtocolHeartbeater Heartbeat created at 2022-11-15 13:02:35,504 and sent to mynifi:8082 at 2022-11-15 13:02:35,511; send took 7 millis
2022-11-15 13:02:35,844 INFO [pool-13-thread-1] o.a.n.c.r.WriteAheadFlowFileRepository Initiating checkpoint of FlowFile Repository
2022-11-15 13:02:35,844 INFO [pool-13-thread-1] o.a.n.c.r.WriteAheadFlowFileRepository Successfully checkpointed FlowFile Repository with 0 records in 0 milliseconds
2022-11-15 13:02:39,379 INFO [Heartbeat Monitor Thread-1] o.a.n.c.c.h.AbstractHeartbeatMonitor Finished processing 1 heartbeats in 14670 nanos
2022-11-15 13:02:40,525 INFO [Process Cluster Protocol Request-1] o.a.n.c.p.impl.SocketProtocolListener Finished processing request 5b5e17de-b9bb-434b-a4bb-addb0ee9be10 (type=HEARTBEAT, length=2235 bytes) from mynifi:8080 in 3 millis
2022-11-15 13:02:40,526 INFO [Clustering Tasks Thread-3] o.a.n.c.c.ClusterProtocolHeartbeater Heartbeat created at 2022-11-15 13:02:40,512 and sent to mynifi:8082 at 2022-11-15 13:02:40,526; send took 14 millis
2022-11-15 13:02:44,379 INFO [Heartbeat Monitor Thread-1] o.a.n.c.c.h.AbstractHeartbeatMonitor Finished processing 1 heartbeats in 9190 nanos
2022-11-15 13:02:45,535 INFO [Process Cluster Protocol Request-2] o.a.n.c.p.impl.SocketProtocolListener Finished processing request d32beb9f-52c7-4dd0-bfb1-ecd04314f6b9 (type=HEARTBEAT, length=2235 bytes) from mynifi:8080 in 5 millis
2022-11-15 13:02:45,536 INFO [Clustering Tasks Thread-3] o.a.n.c.c.ClusterProtocolHeartbeater Heartbeat created at 2022-11-15 13:02:45,527 and sent to mynifi:8082 at 2022-11-15 13:02:45,536; send took 9 millis
2022-11-15 13:02:49,379 INFO [Heartbeat Monitor Thread-1] o.a.n.c.c.h.AbstractHeartbeatMonitor Finished processing 1 heartbeats in 13954 nanos
2022-11-15 13:02:50,551 INFO [Process Cluster Protocol Request-3] o.a.n.c.p.impl.SocketProtocolListener Finished processing request 8411e448-6ca3-4f25-be01-e2697b4eacbf (type=HEARTBEAT, length=2235 bytes) from mynifi:8080 in 1 millis
2022-11-15 13:02:50,557 INFO [Clustering Tasks Thread-3] o.a.n.c.c.ClusterProtocolHeartbeater Heartbeat created at 2022-11-15 13:02:50,536 and sent to mynifi:8082 at 2022-11-15 13:02:50,557; send took 20 millis
2022-11-15 13:02:54,379 INFO [Heartbeat Monitor Thread-1] o.a.n.c.c.h.AbstractHeartbeatMonitor Finished processing 1 heartbeats in 14080 nanos
2022-11-15 13:02:55,570 INFO [Process Cluster Protocol Request-4] o.a.n.c.p.impl.SocketProtocolListener Finished processing request 606d6927-e5ff-4bf8-a16b-5bda16c165b6 (type=HEARTBEAT, length=2235 bytes) from mynifi:8080 in 1 millis
2022-11-15 13:02:55,571 INFO [Clustering Tasks Thread-3] o.a.n.c.c.ClusterProtocolHeartbeater Heartbeat created at 2022-11-15 13:02:55,558 and sent to mynifi:8082 at 2022-11-15 13:02:55,571; send took 13 millis
2022-11-15 13:02:55,845 INFO [pool-13-thread-1] o.a.n.c.r.WriteAheadFlowFileRepository Initiating checkpoint of FlowFile Repository
2022-11-15 13:02:55,845 INFO [pool-13-thread-1] o.a.n.c.r.WriteAheadFlowFileRepository Successfully checkpointed FlowFile Repository with 0 records in 0 milliseconds
2022-11-15 13:02:56,339 INFO [Cleanup Archive for default] o.a.n.c.repository.FileSystemRepository Successfully deleted 0 files (0 bytes) from archive
2022-11-15 13:02:59,380 INFO [Heartbeat Monitor Thread-1] o.a.n.c.c.h.AbstractHeartbeatMonitor Finished processing 1 heartbeats in 28637 nanos
2022-11-15 13:03:00,585 INFO [Process Cluster Protocol Request-5] o.a.n.c.p.impl.SocketProtocolListener Finished processing request 02720e27-c546-45cd-b239-4f4cd50571d5 (type=HEARTBEAT, length=2235 bytes) from mynifi:8080 in 3 millis
2022-11-15 13:03:00,586 INFO [Clustering Tasks Thread-3] o.a.n.c.c.ClusterProtocolHeartbeater Heartbeat created at 2022-11-15 13:03:00,571 and sent to mynifi:8082 at 2022-11-15 13:03:00,586; send took 14 millis
2022-11-15 13:03:04,380 INFO [Heartbeat Monitor Thread-1] o.a.n.c.c.h.AbstractHeartbeatMonitor Finished processing 1 heartbeats in 13601 nanos
2022-11-15 13:03:05,602 INFO [Process Cluster Protocol Request-6] o.a.n.c.p.impl.SocketProtocolListener Finished processing request 8b202174-55aa-40b2-9748-3206b1f52b3a (type=HEARTBEAT, length=2235 bytes) from mynifi:8080 in 4 millis
2022-11-15 13:03:05,607 INFO [Clustering Tasks Thread-3] o.a.n.c.c.ClusterProtocolHeartbeater Heartbeat created at 2022-11-15 13:03:05,591 and sent to mynifi:8082 at 2022-11-15 13:03:05,607; send took 16 millis
2022-11-15 13:03:09,380 INFO [Heartbeat Monitor Thread-1] o.a.n.c.c.h.AbstractHeartbeatMonitor Finished processing 1 heartbeats in 14424 nanos
2022-11-15 13:03:10,617 INFO [Process Cluster Protocol Request-7] o.a.n.c.p.impl.SocketProtocolListener Finished processing request 45a6bd30-336c-4693-8b3a-8def2556a6db (type=HEARTBEAT, length=2235 bytes) from mynifi:8080 in 1 millis
2022-11-15 13:03:10,618 INFO [Clustering Tasks Thread-3] o.a.n.c.c.ClusterProtocolHeartbeater Heartbeat created at 2022-11-15 13:03:10,607 and sent to mynifi:8082 at 2022-11-15 13:03:10,618; send took 10 millis
2022-11-15 13:03:14,381 INFO [Heartbeat Monitor Thread-1] o.a.n.c.c.h.AbstractHeartbeatMonitor Finished processing 1 heartbeats in 9645 nanos
2022-11-15 13:03:15,629 INFO [Process Cluster Protocol Request-8] o.a.n.c.p.impl.SocketProtocolListener Finished processing request 89213f08-2c5c-4a48-8540-d7af78656b10 (type=HEARTBEAT, length=2235 bytes) from mynifi:8080 in 1 millis
2022-11-15 13:03:15,630 INFO [Clustering Tasks Thread-3] o.a.n.c.c.ClusterProtocolHeartbeater Heartbeat created at 2022-11-15 13:03:15,619 and sent to mynifi:8082 at 2022-11-15 13:03:15,630; send took 11 millis
2022-11-15 13:03:15,845 INFO [pool-13-thread-1] o.a.n.c.r.WriteAheadFlowFileRepository Initiating checkpoint of FlowFile Repository
2022-11-15 13:03:15,845 INFO [pool-13-thread-1] o.a.n.c.r.WriteAheadFlowFileRepository Successfully checkpointed FlowFile Repository with 0 records in 0 milliseconds
2022-11-15 13:03:19,381 INFO [Heartbeat Monitor Thread-1] o.a.n.c.c.h.AbstractHeartbeatMonitor Finished processing 1 heartbeats in 14157 nanos
2022-11-15 13:03:20,638 INFO [Process Cluster Protocol Request-9] o.a.n.c.p.impl.SocketProtocolListener Finished processing request aa5b01bc-0cad-4883-bc57-7f0183bf3135 (type=HEARTBEAT, length=2235 bytes) from mynifi:8080 in 879544 nanos
2022-11-15 13:03:20,639 INFO [Clustering Tasks Thread-3] o.a.n.c.c.ClusterProtocolHeartbeater Heartbeat created at 2022-11-15 13:03:20,631 and sent to mynifi:8082 at 2022-11-15 13:03:20,639; send took 8 millis
2022-11-15 13:03:24,381 INFO [Heartbeat Monitor Thread-1] o.a.n.c.c.h.AbstractHeartbeatMonitor Finished processing 1 heartbeats in 11558 nanos
2022-11-15 13:03:25,660 INFO [Process Cluster Protocol Request-10] o.a.n.c.p.impl.SocketProtocolListener Finished processing request 9891fe33-b998-4dbb-b6b0-325504f7e6e0 (type=HEARTBEAT, length=2235 bytes) from mynifi:8080 in 927682 nanos
2022-11-15 13:03:25,662 INFO [Clustering Tasks Thread-3] o.a.n.c.c.ClusterProtocolHeartbeater Heartbeat created at 2022-11-15 13:03:25,644 and sent to mynifi:8082 at 2022-11-15 13:03:25,662; send took 17 millis
2022-11-15 13:03:29,381 INFO [Heartbeat Monitor Thread-1] o.a.n.c.c.h.AbstractHeartbeatMonitor Finished processing 1 heartbeats in 13453 nanos
2022-11-15 13:03:30,672 INFO [Process Cluster Protocol Request-1] o.a.n.c.p.impl.SocketProtocolListener Finished processing request c9d896bc-e489-4afc-b59e-a52230397e69 (type=HEARTBEAT, length=2235 bytes) from mynifi:8080 in 3 millis
2022-11-15 13:03:30,675 INFO [Clustering Tasks Thread-3] o.a.n.c.c.ClusterProtocolHeartbeater Heartbeat created at 2022-11-15 13:03:30,662 and sent to mynifi:8082 at 2022-11-15 13:03:30,675; send took 13 millis
2022-11-15 13:03:34,384 INFO [Heartbeat Monitor Thread-1] o.a.n.c.c.h.AbstractHeartbeatMonitor Finished processing 1 heartbeats in 2 millis
2022-11-15 13:03:35,687 INFO [Process Cluster Protocol Request-2] o.a.n.c.p.impl.SocketProtocolListener Finished processing request aa3ed0ce-0515-473b-bcaf-c8eaec0cd4c1 (type=HEARTBEAT, length=2235 bytes) from mynifi:8080 in 1 millis
2022-11-15 13:03:35,689 INFO [Clustering Tasks Thread-3] o.a.n.c.c.ClusterProtocolHeartbeater Heartbeat created at 2022-11-15 13:03:35,676 and sent to mynifi:8082 at 2022-11-15 13:03:35,689; send took 13 millis
2022-11-15 13:03:35,845 INFO [pool-13-thread-1] o.a.n.c.r.WriteAheadFlowFileRepository Initiating checkpoint of FlowFile Repository
2022-11-15 13:03:35,845 INFO [pool-13-thread-1] o.a.n.c.r.WriteAheadFlowFileRepository Successfully checkpointed FlowFile Repository with 0 records in 0 milliseconds
2022-11-15 13:03:39,385 INFO [Heartbeat Monitor Thread-1] o.a.n.c.c.h.AbstractHeartbeatMonitor Finished processing 1 heartbeats in 20330 nanos
2022-11-15 13:03:40,697 INFO [Process Cluster Protocol Request-3] o.a.n.c.p.impl.SocketProtocolListener Finished processing request 591310f9-f347-4540-9ae1-489f5bbced21 (type=HEARTBEAT, length=2235 bytes) from mynifi:8080 in 994605 nanos
2022-11-15 13:03:40,698 INFO [Clustering Tasks Thread-3] o.a.n.c.c.ClusterProtocolHeartbeater Heartbeat created at 2022-11-15 13:03:40,690 and sent to mynifi:8082 at 2022-11-15 13:03:40,698; send took 7 millis
2022-11-15 13:03:44,389 INFO [Heartbeat Monitor Thread-1] o.a.n.c.c.h.AbstractHeartbeatMonitor Finished processing 1 heartbeats in 15164 nanos
2022-11-15 13:03:45,701 INFO [Process Cluster Protocol Request-4] o.a.n.c.p.impl.SocketProtocolListener Finished processing request 09c9b67a-dd4b-4ff1-8863-33ee9ae6599a (type=HEARTBEAT, length=2235 bytes) from mynifi:8080 in 1 millis
2022-11-15 13:03:45,705 INFO [Clustering Tasks Thread-3] o.a.n.c.c.ClusterProtocolHeartbeater Heartbeat created at 2022-11-15 13:03:45,698 and sent to mynifi:8082 at 2022-11-15 13:03:45,705; send took 6 millis
2022-11-15 13:03:49,389 INFO [Heartbeat Monitor Thread-1] o.a.n.c.c.h.AbstractHeartbeatMonitor Finished processing 1 heartbeats in 15424 nanos
2022-11-15 13:03:50,710 INFO [Process Cluster Protocol Request-5] o.a.n.c.p.impl.SocketProtocolListener Finished processing request d60d2102-a204-475e-b52c-367378b37c05 (type=HEARTBEAT, length=2235 bytes) from mynifi:8080 in 1 millis
2022-11-15 13:03:50,711 INFO [Clustering Tasks Thread-3] o.a.n.c.c.ClusterProtocolHeartbeater Heartbeat created at 2022-11-15 13:03:50,705 and sent to mynifi:8082 at 2022-11-15 13:03:50,711; send took 5 millis
2022-11-15 13:03:54,391 INFO [Heartbeat Monitor Thread-1] o.a.n.c.c.h.AbstractHeartbeatMonitor Finished processing 1 heartbeats in 15199 nanos
2022-11-15 13:03:55,728 INFO [Process Cluster Protocol Request-6] o.a.n.c.p.impl.SocketProtocolListener Finished processing request 8b5308f4-743b-4a38-b8ff-27ba4fcd3c55 (type=HEARTBEAT, length=2235 bytes) from mynifi:8080 in 1 millis
2022-11-15 13:03:55,729 INFO [Clustering Tasks Thread-3] o.a.n.c.c.ClusterProtocolHeartbeater Heartbeat created at 2022-11-15 13:03:55,711 and sent to mynifi:8082 at 2022-11-15 13:03:55,729; send took 18 millis
2022-11-15 13:03:55,845 INFO [pool-13-thread-1] o.a.n.c.r.WriteAheadFlowFileRepository Initiating checkpoint of FlowFile Repository
2022-11-15 13:03:55,846 INFO [pool-13-thread-1] o.a.n.c.r.WriteAheadFlowFileRepository Successfully checkpointed FlowFile Repository with 0 records in 0 milliseconds
2022-11-15 13:03:56,305 INFO [Write-Ahead Local State Provider Maintenance] org.wali.MinimalLockingWriteAheadLog org.wali.MinimalLockingWriteAheadLog@58bdcf40 checkpointed with 11 Records and 0 Swap Files in 17 milliseconds (Stop-the-world time = 0 milliseconds, Clear Edit Logs time = 0 millis), max Transaction ID 37
2022-11-15 13:03:56,351 INFO [Cleanup Archive for default] o.a.n.c.repository.FileSystemRepository Successfully deleted 0 files (0 bytes) from archive
2022-11-15 13:03:59,391 INFO [Heartbeat Monitor Thread-1] o.a.n.c.c.h.AbstractHeartbeatMonitor Finished processing 1 heartbeats in 17572 nanos
2022-11-15 13:04:00,738 INFO [Process Cluster Protocol Request-7] o.a.n.c.p.impl.SocketProtocolListener Finished processing request 58ffc541-0327-4421-bcde-caf9d53d1dfb (type=HEARTBEAT, length=2235 bytes) from mynifi:8080 in 1 millis
2022-11-15 13:04:00,739 INFO [Clustering Tasks Thread-3] o.a.n.c.c.ClusterProtocolHeartbeater Heartbeat created at 2022-11-15 13:04:00,729 and sent to mynifi:8082 at 2022-11-15 13:04:00,739; send took 9 millis
2022-11-15 13:04:04,392 INFO [Heartbeat Monitor Thread-1] o.a.n.c.c.h.AbstractHeartbeatMonitor Finished processing 1 heartbeats in 9106 nanos
2022-11-15 13:04:05,756 INFO [Process Cluster Protocol Request-8] o.a.n.c.p.impl.SocketProtocolListener Finished processing request fad5733f-fdce-44b7-a283-b9b3d50ae44f (type=HEARTBEAT, length=2235 bytes) from mynifi:8080 in 1 millis
2022-11-15 13:04:05,757 INFO [Clustering Tasks Thread-3] o.a.n.c.c.ClusterProtocolHeartbeater Heartbeat created at 2022-11-15 13:04:05,741 and sent to mynifi:8082 at 2022-11-15 13:04:05,757; send took 16 millis
2022-11-15 13:04:09,392 INFO [Heartbeat Monitor Thread-1] o.a.n.c.c.h.AbstractHeartbeatMonitor Finished processing 1 heartbeats in 14240 nanos
2022-11-15 13:04:10,766 INFO [Process Cluster Protocol Request-9] o.a.n.c.p.impl.SocketProtocolListener Finished processing request 6ed2fc95-0a06-4082-904d-a23401a710c3 (type=HEARTBEAT, length=2235 bytes) from mynifi:8080 in 1 millis
2022-11-15 13:04:10,767 INFO [Clustering Tasks Thread-3] o.a.n.c.c.ClusterProtocolHeartbeater Heartbeat created at 2022-11-15 13:04:10,758 and sent to mynifi:8082 at 2022-11-15 13:04:10,767; send took 8 millis
2022-11-15 13:04:14,394 INFO [Heartbeat Monitor Thread-1] o.a.n.c.c.h.AbstractHeartbeatMonitor Finished processing 1 heartbeats in 14624 nanos
2022-11-15 13:04:15,777 INFO [Process Cluster Protocol Request-10] o.a.n.c.p.impl.SocketProtocolListener Finished processing request 6e0375e4-8f22-4999-9def-1451f4a9ad27 (type=HEARTBEAT, length=2235 bytes) from mynifi:8080 in 965594 nanos
2022-11-15 13:04:15,780 INFO [Clustering Tasks Thread-3] o.a.n.c.c.ClusterProtocolHeartbeater Heartbeat created at 2022-11-15 13:04:15,767 and sent to mynifi:8082 at 2022-11-15 13:04:15,780; send took 12 millis
2022-11-15 13:04:15,846 INFO [pool-13-thread-1] o.a.n.c.r.WriteAheadFlowFileRepository Initiating checkpoint of FlowFile Repository
2022-11-15 13:04:15,846 INFO [pool-13-thread-1] o.a.n.c.r.WriteAheadFlowFileRepository Successfully checkpointed FlowFile Repository with 0 records in 0 milliseconds
2022-11-15 13:04:19,395 INFO [Heartbeat Monitor Thread-1] o.a.n.c.c.h.AbstractHeartbeatMonitor Finished processing 1 heartbeats in 14067 nanos
2022-11-15 13:04:20,787 INFO [Process Cluster Protocol Request-1] o.a.n.c.p.impl.SocketProtocolListener Finished processing request cb0665d5-5b84-437e-91e7-25e85cd0a1d4 (type=HEARTBEAT, length=2235 bytes) from mynifi:8080 in 1 millis
2022-11-15 13:04:20,788 INFO [Clustering Tasks Thread-3] o.a.n.c.c.ClusterProtocolHeartbeater Heartbeat created at 2022-11-15 13:04:20,781 and sent to mynifi:8082 at 2022-11-15 13:04:20,788; send took 6 millis
2022-11-15 13:04:24,397 INFO [Heartbeat Monitor Thread-1] o.a.n.c.c.h.AbstractHeartbeatMonitor Finished processing 1 heartbeats in 15648 nanos
2022-11-15 13:04:25,798 INFO [Process Cluster Protocol Request-2] o.a.n.c.p.impl.SocketProtocolListener Finished processing request 319d09fa-c8fc-42d1-8717-fcdbf72a2161 (type=HEARTBEAT, length=2235 bytes) from mynifi:8080 in 949673 nanos
2022-11-15 13:04:25,799 INFO [Clustering Tasks Thread-3] o.a.n.c.c.ClusterProtocolHeartbeater Heartbeat created at 2022-11-15 13:04:25,788 and sent to mynifi:8082 at 2022-11-15 13:04:25,799; send took 10 millis
2022-11-15 13:04:29,397 INFO [Heartbeat Monitor Thread-1] o.a.n.c.c.h.AbstractHeartbeatMonitor Finished processing 1 heartbeats in 13314 nanos
2022-11-15 13:04:30,809 INFO [Process Cluster Protocol Request-3] o.a.n.c.p.impl.SocketProtocolListener Finished processing request a72cf022-a23d-471f-a587-38c75e3c0373 (type=HEARTBEAT, length=2235 bytes) from mynifi:8080 in 3 millis
2022-11-15 13:04:30,816 INFO [Clustering Tasks Thread-3] o.a.n.c.c.ClusterProtocolHeartbeater Heartbeat created at 2022-11-15 13:04:30,799 and sent to mynifi:8082 at 2022-11-15 13:04:30,816; send took 16 millis
2022-11-15 13:04:34,401 INFO [Heartbeat Monitor Thread-1] o.a.n.c.c.h.AbstractHeartbeatMonitor Finished processing 1 heartbeats in 13909 nanos
2022-11-15 13:04:35,826 INFO [Process Cluster Protocol Request-4] o.a.n.c.p.impl.SocketProtocolListener Finished processing request 9702204e-294e-402a-b41f-96ceba9a5af9 (type=HEARTBEAT, length=2235 bytes) from mynifi:8080 in 4 millis
2022-11-15 13:04:35,828 INFO [Clustering Tasks Thread-3] o.a.n.c.c.ClusterProtocolHeartbeater Heartbeat created at 2022-11-15 13:04:35,817 and sent to mynifi:8082 at 2022-11-15 13:04:35,828; send took 11 millis
2022-11-15 13:04:35,846 INFO [pool-13-thread-1] o.a.n.c.r.WriteAheadFlowFileRepository Initiating checkpoint of FlowFile Repository
2022-11-15 13:04:35,846 INFO [pool-13-thread-1] o.a.n.c.r.WriteAheadFlowFileRepository Successfully checkpointed FlowFile Repository with 0 records in 0 milliseconds
2022-11-15 13:04:39,401 INFO [Heartbeat Monitor Thread-1] o.a.n.c.c.h.AbstractHeartbeatMonitor Finished processing 1 heartbeats in 14095 nanos
2022-11-15 13:04:40,844 INFO [Process Cluster Protocol Request-5] o.a.n.c.p.impl.SocketProtocolListener Finished processing request d835739e-d0be-4915-8a94-6f7ebff9a9d1 (type=HEARTBEAT, length=2235 bytes) from mynifi:8080 in 3 millis
2022-11-15 13:04:40,845 INFO [Clustering Tasks Thread-3] o.a.n.c.c.ClusterProtocolHeartbeater Heartbeat created at 2022-11-15 13:04:40,828 and sent to mynifi:8082 at 2022-11-15 13:04:40,845; send took 17 millis
2022-11-15 13:04:44,402 INFO [Heartbeat Monitor Thread-1] o.a.n.c.c.h.AbstractHeartbeatMonitor Finished processing 1 heartbeats in 21315 nanos
2022-11-15 13:04:45,856 INFO [Process Cluster Protocol Request-6] o.a.n.c.p.impl.SocketProtocolListener Finished processing request 2e8471e2-24d2-44fe-aa87-224bd753543f (type=HEARTBEAT, length=2235 bytes) from mynifi:8080 in 1 millis
2022-11-15 13:04:45,857 INFO [Clustering Tasks Thread-3] o.a.n.c.c.ClusterProtocolHeartbeater Heartbeat created at 2022-11-15 13:04:45,846 and sent to mynifi:8082 at 2022-11-15 13:04:45,857; send took 11 millis
2022-11-15 13:04:49,402 INFO [Heartbeat Monitor Thread-1] o.a.n.c.c.h.AbstractHeartbeatMonitor Finished processing 1 heartbeats in 13256 nanos
2022-11-15 13:04:50,867 INFO [Process Cluster Protocol Request-7] o.a.n.c.p.impl.SocketProtocolListener Finished processing request 1e5e8da9-d5cb-4d5e-a4cf-f71d72969e7e (type=HEARTBEAT, length=2235 bytes) from mynifi:8080 in 1 millis
2022-11-15 13:04:50,869 INFO [Clustering Tasks Thread-3] o.a.n.c.c.ClusterProtocolHeartbeater Heartbeat created at 2022-11-15 13:04:50,857 and sent to mynifi:8082 at 2022-11-15 13:04:50,869; send took 11 millis
2022-11-15 13:04:54,406 INFO [Heartbeat Monitor Thread-1] o.a.n.c.c.h.AbstractHeartbeatMonitor Finished processing 1 heartbeats in 29082 nanos
2022-11-15 13:04:55,846 INFO [pool-13-thread-1] o.a.n.c.r.WriteAheadFlowFileRepository Initiating checkpoint of FlowFile Repository
2022-11-15 13:04:55,846 INFO [pool-13-thread-1] o.a.n.c.r.WriteAheadFlowFileRepository Successfully checkpointed FlowFile Repository with 0 records in 0 milliseconds
2022-11-15 13:04:55,877 INFO [Process Cluster Protocol Request-8] o.a.n.c.p.impl.SocketProtocolListener Finished processing request 03ed1541-01ae-45a9-853a-db6caa706501 (type=HEARTBEAT, length=2235 bytes) from mynifi:8080 in 1 millis
2022-11-15 13:04:55,880 INFO [Clustering Tasks Thread-3] o.a.n.c.c.ClusterProtocolHeartbeater Heartbeat created at 2022-11-15 13:04:55,869 and sent to mynifi:8082 at 2022-11-15 13:04:55,880; send took 11 millis
2022-11-15 13:04:56,365 INFO [Cleanup Archive for default] o.a.n.c.repository.FileSystemRepository Successfully deleted 0 files (0 bytes) from archive
2022-11-15 13:04:59,406 INFO [Heartbeat Monitor Thread-1] o.a.n.c.c.h.AbstractHeartbeatMonitor Finished processing 1 heartbeats in 14450 nanos
2022-11-15 13:05:00,892 INFO [Process Cluster Protocol Request-9] o.a.n.c.p.impl.SocketProtocolListener Finished processing request e22ed82c-4401-4603-a385-ab3786ba3514 (type=HEARTBEAT, length=2235 bytes) from mynifi:8080 in 1 millis
2022-11-15 13:05:00,895 INFO [Clustering Tasks Thread-3] o.a.n.c.c.ClusterProtocolHeartbeater Heartbeat created at 2022-11-15 13:05:00,881 and sent to mynifi:8082 at 2022-11-15 13:05:00,895; send took 14 millis
2022-11-15 13:05:04,407 INFO [Heartbeat Monitor Thread-1] o.a.n.c.c.h.AbstractHeartbeatMonitor Finished processing 1 heartbeats in 10482 nanos
2022-11-15 13:05:05,906 INFO [Process Cluster Protocol Request-10] o.a.n.c.p.impl.SocketProtocolListener Finished processing request 771d0fab-5674-4817-b29f-288df4357ac0 (type=HEARTBEAT, length=2235 bytes) from mynifi:8080 in 1 millis
2022-11-15 13:05:05,909 INFO [Clustering Tasks Thread-3] o.a.n.c.c.ClusterProtocolHeartbeater Heartbeat created at 2022-11-15 13:05:05,896 and sent to mynifi:8082 at 2022-11-15 13:05:05,909; send took 13 millis
2022-11-15 13:05:09,408 INFO [Heartbeat Monitor Thread-1] o.a.n.c.c.h.AbstractHeartbeatMonitor Finished processing 1 heartbeats in 16324 nanos
2022-11-15 13:05:10,916 INFO [Process Cluster Protocol Request-1] o.a.n.c.p.impl.SocketProtocolListener Finished processing request 9f9a75f5-56b5-4a6b-a405-dadf523cfc8a (type=HEARTBEAT, length=2235 bytes) from mynifi:8080 in 1 millis
2022-11-15 13:05:10,917 INFO [Clustering Tasks Thread-3] o.a.n.c.c.ClusterProtocolHeartbeater Heartbeat created at 2022-11-15 13:05:10,909 and sent to mynifi:8082 at 2022-11-15 13:05:10,917; send took 7 millis
2022-11-15 13:05:14,409 INFO [Heartbeat Monitor Thread-1] o.a.n.c.c.h.AbstractHeartbeatMonitor Finished processing 1 heartbeats in 14698 nanos
2022-11-15 13:05:15,854 INFO [pool-13-thread-1] o.a.n.c.r.WriteAheadFlowFileRepository Initiating checkpoint of FlowFile Repository
2022-11-15 13:05:15,854 INFO [pool-13-thread-1] o.a.n.c.r.WriteAheadFlowFileRepository Successfully checkpointed FlowFile Repository with 0 records in 0 milliseconds
2022-11-15 13:05:15,935 INFO [Process Cluster Protocol Request-2] o.a.n.c.p.impl.SocketProtocolListener Finished processing request a79fb472-494f-4945-9cf6-90f87f879456 (type=HEARTBEAT, length=2235 bytes) from mynifi:8080 in 3 millis
2022-11-15 13:05:15,936 INFO [Clustering Tasks Thread-3] o.a.n.c.c.ClusterProtocolHeartbeater Heartbeat created at 2022-11-15 13:05:15,917 and sent to mynifi:8082 at 2022-11-15 13:05:15,936; send took 18 millis
2022-11-15 13:05:19,410 INFO [Heartbeat Monitor Thread-1] o.a.n.c.c.h.AbstractHeartbeatMonitor Finished processing 1 heartbeats in 13395 nanos
2022-11-15 13:05:20,957 INFO [Process Cluster Protocol Request-3] o.a.n.c.p.impl.SocketProtocolListener Finished processing request 4d863e82-6b98-44a5-aac1-ae8204fc03ed (type=HEARTBEAT, length=2235 bytes) from mynifi:8080 in 5 millis
2022-11-15 13:05:20,958 INFO [Clustering Tasks Thread-3] o.a.n.c.c.ClusterProtocolHeartbeater Heartbeat created at 2022-11-15 13:05:20,936 and sent to mynifi:8082 at 2022-11-15 13:05:20,958; send took 21 millis
2022-11-15 13:05:24,418 INFO [Heartbeat Monitor Thread-1] o.a.n.c.c.h.AbstractHeartbeatMonitor Finished processing 1 heartbeats in 13896 nanos
2022-11-15 13:05:25,968 INFO [Process Cluster Protocol Request-4] o.a.n.c.p.impl.SocketProtocolListener Finished processing request 3085e192-17f5-468d-9117-2e80e4ef8a0e (type=HEARTBEAT, length=2235 bytes) from mynifi:8080 in 966758 nanos
2022-11-15 13:05:25,969 INFO [Clustering Tasks Thread-3] o.a.n.c.c.ClusterProtocolHeartbeater Heartbeat created at 2022-11-15 13:05:25,958 and sent to mynifi:8082 at 2022-11-15 13:05:25,969; send took 11 millis
2022-11-15 13:05:29,418 INFO [Heartbeat Monitor Thread-1] o.a.n.c.c.h.AbstractHeartbeatMonitor Finished processing 1 heartbeats in 14345 nanos
2022-11-15 13:05:30,995 INFO [Process Cluster Protocol Request-5] o.a.n.c.p.impl.SocketProtocolListener Finished processing request da9ed021-c13b-439e-a124-4200c8ba5552 (type=HEARTBEAT, length=2235 bytes) from mynifi:8080 in 3 millis
2022-11-15 13:05:30,997 INFO [Clustering Tasks Thread-3] o.a.n.c.c.ClusterProtocolHeartbeater Heartbeat created at 2022-11-15 13:05:30,969 and sent to mynifi:8082 at 2022-11-15 13:05:30,997; send took 27 millis
2022-11-15 13:05:34,418 INFO [Heartbeat Monitor Thread-1] o.a.n.c.c.h.AbstractHeartbeatMonitor Finished processing 1 heartbeats in 13957 nanos
2022-11-15 13:05:35,854 INFO [pool-13-thread-1] o.a.n.c.r.WriteAheadFlowFileRepository Initiating checkpoint of FlowFile Repository
2022-11-15 13:05:35,855 INFO [pool-13-thread-1] o.a.n.c.r.WriteAheadFlowFileRepository Successfully checkpointed FlowFile Repository with 0 records in 0 milliseconds
2022-11-15 13:05:36,004 INFO [Process Cluster Protocol Request-6] o.a.n.c.p.impl.SocketProtocolListener Finished processing request d3635576-6f43-4a45-918b-7b6a905d6eeb (type=HEARTBEAT, length=2235 bytes) from mynifi:8080 in 3 millis
2022-11-15 13:05:36,008 INFO [Clustering Tasks Thread-3] o.a.n.c.c.ClusterProtocolHeartbeater Heartbeat created at 2022-11-15 13:05:35,998 and sent to mynifi:8082 at 2022-11-15 13:05:36,008; send took 10 millis
2022-11-15 13:05:39,419 INFO [Heartbeat Monitor Thread-1] o.a.n.c.c.h.AbstractHeartbeatMonitor Finished processing 1 heartbeats in 15027 nanos
2022-11-15 13:05:41,028 INFO [Process Cluster Protocol Request-7] o.a.n.c.p.impl.SocketProtocolListener Finished processing request 651d943e-aa89-4e75-8114-614668bd723c (type=HEARTBEAT, length=2235 bytes) from mynifi:8080 in 6 millis
2022-11-15 13:05:41,030 INFO [Clustering Tasks Thread-3] o.a.n.c.c.ClusterProtocolHeartbeater Heartbeat created at 2022-11-15 13:05:41,008 and sent to mynifi:8082 at 2022-11-15 13:05:41,030; send took 21 millis
2022-11-15 13:05:44,419 INFO [Heartbeat Monitor Thread-1] o.a.n.c.c.h.AbstractHeartbeatMonitor Finished processing 1 heartbeats in 23055 nanos
2022-11-15 13:05:46,040 INFO [Process Cluster Protocol Request-8] o.a.n.c.p.impl.SocketProtocolListener Finished processing request 883df955-a7c5-481c-b979-7add9c6c2b88 (type=HEARTBEAT, length=2235 bytes) from mynifi:8080 in 1 millis
2022-11-15 13:05:46,041 INFO [Clustering Tasks Thread-3] o.a.n.c.c.ClusterProtocolHeartbeater Heartbeat created at 2022-11-15 13:05:46,030 and sent to mynifi:8082 at 2022-11-15 13:05:46,041; send took 10 millis
2022-11-15 13:05:49,419 INFO [Heartbeat Monitor Thread-1] o.a.n.c.c.h.AbstractHeartbeatMonitor Finished processing 1 heartbeats in 13016 nanos
2022-11-15 13:05:51,049 INFO [Process Cluster Protocol Request-9] o.a.n.c.p.impl.SocketProtocolListener Finished processing request 6ff3cd24-52ab-46e2-a9a3-596b6f11eea7 (type=HEARTBEAT, length=2235 bytes) from mynifi:8080 in 3 millis
2022-11-15 13:05:51,059 INFO [Clustering Tasks Thread-3] o.a.n.c.c.ClusterProtocolHeartbeater Heartbeat created at 2022-11-15 13:05:51,041 and sent to mynifi:8082 at 2022-11-15 13:05:51,059; send took 18 millis
2022-11-15 13:05:54,419 INFO [Heartbeat Monitor Thread-1] o.a.n.c.c.h.AbstractHeartbeatMonitor Finished processing 1 heartbeats in 13422 nanos
2022-11-15 13:05:55,855 INFO [pool-13-thread-1] o.a.n.c.r.WriteAheadFlowFileRepository Initiating checkpoint of FlowFile Repository
2022-11-15 13:05:55,855 INFO [pool-13-thread-1] o.a.n.c.r.WriteAheadFlowFileRepository Successfully checkpointed FlowFile Repository with 0 records in 0 milliseconds
2022-11-15 13:05:56,077 INFO [Process Cluster Protocol Request-10] o.a.n.c.p.impl.SocketProtocolListener Finished processing request 5606102f-d411-4724-b962-e6e82b972d78 (type=HEARTBEAT, length=2235 bytes) from mynifi:8080 in 2 millis
2022-11-15 13:05:56,080 INFO [Clustering Tasks Thread-3] o.a.n.c.c.ClusterProtocolHeartbeater Heartbeat created at 2022-11-15 13:05:56,060 and sent to mynifi:8082 at 2022-11-15 13:05:56,080; send took 20 millis
2022-11-15 13:05:56,320 INFO [Write-Ahead Local State Provider Maintenance] org.wali.MinimalLockingWriteAheadLog org.wali.MinimalLockingWriteAheadLog@58bdcf40 checkpointed with 11 Records and 0 Swap Files in 14 milliseconds (Stop-the-world time = 0 milliseconds, Clear Edit Logs time = 0 millis), max Transaction ID 37
2022-11-15 13:05:56,375 INFO [Cleanup Archive for default] o.a.n.c.repository.FileSystemRepository Successfully deleted 0 files (0 bytes) from archive
2022-11-15 13:05:59,420 INFO [Heartbeat Monitor Thread-1] o.a.n.c.c.h.AbstractHeartbeatMonitor Finished processing 1 heartbeats in 26074 nanos
2022-11-15 13:06:01,090 INFO [Process Cluster Protocol Request-1] o.a.n.c.p.impl.SocketProtocolListener Finished processing request 5e0d6c4f-afff-4f4d-bece-d767f23834a1 (type=HEARTBEAT, length=2235 bytes) from mynifi:8080 in 3 millis
2022-11-15 13:06:01,091 INFO [Clustering Tasks Thread-3] o.a.n.c.c.ClusterProtocolHeartbeater Heartbeat created at 2022-11-15 13:06:01,080 and sent to mynifi:8082 at 2022-11-15 13:06:01,091; send took 10 millis
2022-11-15 13:06:04,420 INFO [Heartbeat Monitor Thread-1] o.a.n.c.c.h.AbstractHeartbeatMonitor Finished processing 1 heartbeats in 16505 nanos
2022-11-15 13:06:06,108 INFO [Process Cluster Protocol Request-2] o.a.n.c.p.impl.SocketProtocolListener Finished processing request dba7502a-6815-42fd-bba9-fdcacfd44bae (type=HEARTBEAT, length=2235 bytes) from mynifi:8080 in 1 millis
2022-11-15 13:06:06,109 INFO [Clustering Tasks Thread-3] o.a.n.c.c.ClusterProtocolHeartbeater Heartbeat created at 2022-11-15 13:06:06,091 and sent to mynifi:8082 at 2022-11-15 13:06:06,109; send took 17 millis
2022-11-15 13:06:09,421 INFO [Heartbeat Monitor Thread-1] o.a.n.c.c.h.AbstractHeartbeatMonitor Finished processing 1 heartbeats in 13352 nanos
2022-11-15 13:06:11,120 INFO [Process Cluster Protocol Request-3] o.a.n.c.p.impl.SocketProtocolListener Finished processing request 51a296c2-fa70-4226-a0de-3e15aed54d9c (type=HEARTBEAT, length=2235 bytes) from mynifi:8080 in 1 millis
2022-11-15 13:06:11,127 INFO [Clustering Tasks Thread-3] o.a.n.c.c.ClusterProtocolHeartbeater Heartbeat created at 2022-11-15 13:06:11,109 and sent to mynifi:8082 at 2022-11-15 13:06:11,127; send took 17 millis
2022-11-15 13:06:14,422 INFO [Heartbeat Monitor Thread-1] o.a.n.c.c.h.AbstractHeartbeatMonitor Finished processing 1 heartbeats in 14559 nanos
2022-11-15 13:06:15,855 INFO [pool-13-thread-1] o.a.n.c.r.WriteAheadFlowFileRepository Initiating checkpoint of FlowFile Repository
2022-11-15 13:06:15,855 INFO [pool-13-thread-1] o.a.n.c.r.WriteAheadFlowFileRepository Successfully checkpointed FlowFile Repository with 0 records in 0 milliseconds
2022-11-15 13:06:16,140 INFO [Process Cluster Protocol Request-4] o.a.n.c.p.impl.SocketProtocolListener Finished processing request fcc8e1e9-c531-4436-9a6d-e67d3169232d (type=HEARTBEAT, length=2235 bytes) from mynifi:8080 in 1 millis
2022-11-15 13:06:16,145 INFO [Clustering Tasks Thread-3] o.a.n.c.c.ClusterProtocolHeartbeater Heartbeat created at 2022-11-15 13:06:16,128 and sent to mynifi:8082 at 2022-11-15 13:06:16,145; send took 16 millis
2022-11-15 13:06:19,422 INFO [Heartbeat Monitor Thread-1] o.a.n.c.c.h.AbstractHeartbeatMonitor Finished processing 1 heartbeats in 14467 nanos
2022-11-15 13:06:21,157 INFO [Process Cluster Protocol Request-5] o.a.n.c.p.impl.SocketProtocolListener Finished processing request e6c349f7-ed47-4b5a-8d31-39011075447a (type=HEARTBEAT, length=2235 bytes) from mynifi:8080 in 1 millis
2022-11-15 13:06:21,158 INFO [Clustering Tasks Thread-3] o.a.n.c.c.ClusterProtocolHeartbeater Heartbeat created at 2022-11-15 13:06:21,145 and sent to mynifi:8082 at 2022-11-15 13:06:21,158; send took 13 millis
2022-11-15 13:06:24,428 INFO [Heartbeat Monitor Thread-1] o.a.n.c.c.h.AbstractHeartbeatMonitor Finished processing 1 heartbeats in 12964 nanos
2022-11-15 13:06:26,172 INFO [Process Cluster Protocol Request-6] o.a.n.c.p.impl.SocketProtocolListener Finished processing request c656d888-6f30-4210-b350-236f7d6830dd (type=HEARTBEAT, length=2235 bytes) from mynifi:8080 in 1 millis
2022-11-15 13:06:26,177 INFO [Clustering Tasks Thread-3] o.a.n.c.c.ClusterProtocolHeartbeater Heartbeat created at 2022-11-15 13:06:26,158 and sent to mynifi:8082 at 2022-11-15 13:06:26,177; send took 18 millis
2022-11-15 13:06:29,429 INFO [Heartbeat Monitor Thread-1] o.a.n.c.c.h.AbstractHeartbeatMonitor Finished processing 1 heartbeats in 10208 nanos
2022-11-15 13:06:31,190 INFO [Process Cluster Protocol Request-7] o.a.n.c.p.impl.SocketProtocolListener Finished processing request de643c00-5c66-4532-bbae-821fa1f95077 (type=HEARTBEAT, length=2235 bytes) from mynifi:8080 in 1 millis
2022-11-15 13:06:31,191 INFO [Clustering Tasks Thread-3] o.a.n.c.c.ClusterProtocolHeartbeater Heartbeat created at 2022-11-15 13:06:31,178 and sent to mynifi:8082 at 2022-11-15 13:06:31,191; send took 12 millis
2022-11-15 13:06:34,429 INFO [Heartbeat Monitor Thread-1] o.a.n.c.c.h.AbstractHeartbeatMonitor Finished processing 1 heartbeats in 10412 nanos
2022-11-15 13:06:35,855 INFO [pool-13-thread-1] o.a.n.c.r.WriteAheadFlowFileRepository Initiating checkpoint of FlowFile Repository
2022-11-15 13:06:35,855 INFO [pool-13-thread-1] o.a.n.c.r.WriteAheadFlowFileRepository Successfully checkpointed FlowFile Repository with 0 records in 0 milliseconds
2022-11-15 13:06:36,197 INFO [Process Cluster Protocol Request-8] o.a.n.c.p.impl.SocketProtocolListener Finished processing request 6186271c-245d-49af-844c-892d636a96ec (type=HEARTBEAT, length=2235 bytes) from mynifi:8080 in 1 millis
2022-11-15 13:06:36,198 INFO [Clustering Tasks Thread-3] o.a.n.c.c.ClusterProtocolHeartbeater Heartbeat created at 2022-11-15 13:06:36,192 and sent to mynifi:8082 at 2022-11-15 13:06:36,198; send took 6 millis
2022-11-15 13:06:39,429 INFO [Heartbeat Monitor Thread-1] o.a.n.c.c.h.AbstractHeartbeatMonitor Finished processing 1 heartbeats in 9472 nanos
2022-11-15 13:06:41,207 INFO [Process Cluster Protocol Request-9] o.a.n.c.p.impl.SocketProtocolListener Finished processing request 673d1ebc-a8e9-46be-bdc7-3504c841bc40 (type=HEARTBEAT, length=2235 bytes) from mynifi:8080 in 993406 nanos
2022-11-15 13:06:41,209 INFO [Clustering Tasks Thread-3] o.a.n.c.c.ClusterProtocolHeartbeater Heartbeat created at 2022-11-15 13:06:41,198 and sent to mynifi:8082 at 2022-11-15 13:06:41,209; send took 10 millis
2022-11-15 13:06:44,430 INFO [Heartbeat Monitor Thread-1] o.a.n.c.c.h.AbstractHeartbeatMonitor Finished processing 1 heartbeats in 14782 nanos
2022-11-15 13:06:46,221 INFO [Process Cluster Protocol Request-10] o.a.n.c.p.impl.SocketProtocolListener Finished processing request 9091bff6-4cfd-44ee-9bae-8f8d70f97d2d (type=HEARTBEAT, length=2235 bytes) from mynifi:8080 in 1 millis
2022-11-15 13:06:46,225 INFO [Clustering Tasks Thread-3] o.a.n.c.c.ClusterProtocolHeartbeater Heartbeat created at 2022-11-15 13:06:46,209 and sent to mynifi:8082 at 2022-11-15 13:06:46,225; send took 15 millis
2022-11-15 13:06:47,071 INFO [Timer-Driven Process Thread-10] o.a.n.p.store.WriteAheadStorePartition Successfully rolled over Event Writer for Provenance Event Store Partition[directory=./provenance_repository] after writing 1 events due to MAX_TIME_REACHED
2022-11-15 13:06:47,087 INFO [Timer-Driven Process Thread-4] o.a.k.clients.producer.ProducerConfig ProducerConfig values: 
	acks = 0
	batch.size = 16384
	bootstrap.servers = [broker:29092]
	buffer.memory = 33554432
	client.id = 
	compression.type = none
	connections.max.idle.ms = 540000
	enable.idempotence = false
	interceptor.classes = null
	key.serializer = class org.apache.kafka.common.serialization.ByteArraySerializer
	linger.ms = 0
	max.block.ms = 5000
	max.in.flight.requests.per.connection = 5
	max.request.size = 1048576
	metadata.max.age.ms = 300000
	metric.reporters = []
	metrics.num.samples = 2
	metrics.recording.level = INFO
	metrics.sample.window.ms = 30000
	partitioner.class = class org.apache.kafka.clients.producer.internals.DefaultPartitioner
	receive.buffer.bytes = 32768
	reconnect.backoff.max.ms = 1000
	reconnect.backoff.ms = 50
	request.timeout.ms = 30000
	retries = 0
	retry.backoff.ms = 100
	sasl.jaas.config = null
	sasl.kerberos.kinit.cmd = /usr/bin/kinit
	sasl.kerberos.min.time.before.relogin = 60000
	sasl.kerberos.service.name = null
	sasl.kerberos.ticket.renew.jitter = 0.05
	sasl.kerberos.ticket.renew.window.factor = 0.8
	sasl.mechanism = GSSAPI
	security.protocol = PLAINTEXT
	send.buffer.bytes = 131072
	ssl.cipher.suites = null
	ssl.enabled.protocols = [TLSv1.2, TLSv1.1, TLSv1]
	ssl.endpoint.identification.algorithm = null
	ssl.key.password = null
	ssl.keymanager.algorithm = SunX509
	ssl.keystore.location = null
	ssl.keystore.password = null
	ssl.keystore.type = JKS
	ssl.protocol = TLS
	ssl.provider = null
	ssl.secure.random.implementation = null
	ssl.trustmanager.algorithm = PKIX
	ssl.truststore.location = null
	ssl.truststore.password = null
	ssl.truststore.type = JKS
	transaction.timeout.ms = 60000
	transactional.id = null
	value.serializer = class org.apache.kafka.common.serialization.ByteArraySerializer

2022-11-15 13:06:47,097 INFO [Timer-Driven Process Thread-4] o.a.kafka.common.utils.AppInfoParser Kafka version : 1.0.2
2022-11-15 13:06:47,098 INFO [Timer-Driven Process Thread-4] o.a.kafka.common.utils.AppInfoParser Kafka commitId : 2a121f7b1d402825
2022-11-15 13:06:47,409 INFO [Timer-Driven Process Thread-10] o.a.k.clients.producer.ProducerConfig ProducerConfig values: 
	acks = 0
	batch.size = 16384
	bootstrap.servers = [broker:29092]
	buffer.memory = 33554432
	client.id = 
	compression.type = none
	connections.max.idle.ms = 540000
	enable.idempotence = false
	interceptor.classes = null
	key.serializer = class org.apache.kafka.common.serialization.ByteArraySerializer
	linger.ms = 0
	max.block.ms = 5000
	max.in.flight.requests.per.connection = 5
	max.request.size = 1048576
	metadata.max.age.ms = 300000
	metric.reporters = []
	metrics.num.samples = 2
	metrics.recording.level = INFO
	metrics.sample.window.ms = 30000
	partitioner.class = class org.apache.kafka.clients.producer.internals.DefaultPartitioner
	receive.buffer.bytes = 32768
	reconnect.backoff.max.ms = 1000
	reconnect.backoff.ms = 50
	request.timeout.ms = 30000
	retries = 0
	retry.backoff.ms = 100
	sasl.jaas.config = null
	sasl.kerberos.kinit.cmd = /usr/bin/kinit
	sasl.kerberos.min.time.before.relogin = 60000
	sasl.kerberos.service.name = null
	sasl.kerberos.ticket.renew.jitter = 0.05
	sasl.kerberos.ticket.renew.window.factor = 0.8
	sasl.mechanism = GSSAPI
	security.protocol = PLAINTEXT
	send.buffer.bytes = 131072
	ssl.cipher.suites = null
	ssl.enabled.protocols = [TLSv1.2, TLSv1.1, TLSv1]
	ssl.endpoint.identification.algorithm = null
	ssl.key.password = null
	ssl.keymanager.algorithm = SunX509
	ssl.keystore.location = null
	ssl.keystore.password = null
	ssl.keystore.type = JKS
	ssl.protocol = TLS
	ssl.provider = null
	ssl.secure.random.implementation = null
	ssl.trustmanager.algorithm = PKIX
	ssl.truststore.location = null
	ssl.truststore.password = null
	ssl.truststore.type = JKS
	transaction.timeout.ms = 60000
	transactional.id = null
	value.serializer = class org.apache.kafka.common.serialization.ByteArraySerializer

2022-11-15 13:06:47,411 INFO [Timer-Driven Process Thread-10] o.a.kafka.common.utils.AppInfoParser Kafka version : 1.0.2
2022-11-15 13:06:47,411 INFO [Timer-Driven Process Thread-10] o.a.kafka.common.utils.AppInfoParser Kafka commitId : 2a121f7b1d402825
2022-11-15 13:06:49,430 INFO [Heartbeat Monitor Thread-1] o.a.n.c.c.h.AbstractHeartbeatMonitor Finished processing 1 heartbeats in 8417 nanos
2022-11-15 13:06:51,229 INFO [Process Cluster Protocol Request-1] o.a.n.c.p.impl.SocketProtocolListener Finished processing request c1d8dbce-2247-49fd-8c95-f24efd863b16 (type=HEARTBEAT, length=2235 bytes) from mynifi:8080 in 1 millis
2022-11-15 13:06:51,239 INFO [Clustering Tasks Thread-3] o.a.n.c.c.ClusterProtocolHeartbeater Heartbeat created at 2022-11-15 13:06:51,225 and sent to mynifi:8082 at 2022-11-15 13:06:51,239; send took 14 millis
2022-11-15 13:06:54,430 INFO [Heartbeat Monitor Thread-1] o.a.n.c.c.h.AbstractHeartbeatMonitor Finished processing 1 heartbeats in 8647 nanos
2022-11-15 13:06:55,855 INFO [pool-13-thread-1] o.a.n.c.r.WriteAheadFlowFileRepository Initiating checkpoint of FlowFile Repository
2022-11-15 13:06:55,886 INFO [pool-13-thread-1] o.a.n.wali.SequentialAccessWriteAheadLog Checkpointed Write-Ahead Log with 0 Records and 0 Swap Files in 30 milliseconds (Stop-the-world time = 13 milliseconds), max Transaction ID 223
2022-11-15 13:06:55,886 INFO [pool-13-thread-1] o.a.n.c.r.WriteAheadFlowFileRepository Successfully checkpointed FlowFile Repository with 0 records in 30 milliseconds
2022-11-15 13:06:56,258 INFO [Process Cluster Protocol Request-2] o.a.n.c.p.impl.SocketProtocolListener Finished processing request eab138bf-6c0c-4c97-9bbc-c8bcf9499644 (type=HEARTBEAT, length=2235 bytes) from mynifi:8080 in 1 millis
2022-11-15 13:06:56,259 INFO [Clustering Tasks Thread-3] o.a.n.c.c.ClusterProtocolHeartbeater Heartbeat created at 2022-11-15 13:06:56,242 and sent to mynifi:8082 at 2022-11-15 13:06:56,259; send took 17 millis
2022-11-15 13:06:56,388 INFO [Cleanup Archive for default] o.a.n.c.repository.FileSystemRepository Successfully deleted 0 files (0 bytes) from archive
2022-11-15 13:06:59,431 INFO [Heartbeat Monitor Thread-1] o.a.n.c.c.h.AbstractHeartbeatMonitor Finished processing 1 heartbeats in 31093 nanos
2022-11-15 13:07:01,272 INFO [Process Cluster Protocol Request-3] o.a.n.c.p.impl.SocketProtocolListener Finished processing request eea788f7-3bbf-4f37-bf93-1f0b1e08d901 (type=HEARTBEAT, length=2235 bytes) from mynifi:8080 in 1 millis
2022-11-15 13:07:01,276 INFO [Clustering Tasks Thread-3] o.a.n.c.c.ClusterProtocolHeartbeater Heartbeat created at 2022-11-15 13:07:01,260 and sent to mynifi:8082 at 2022-11-15 13:07:01,276; send took 16 millis
2022-11-15 13:07:04,431 INFO [Heartbeat Monitor Thread-1] o.a.n.c.c.h.AbstractHeartbeatMonitor Finished processing 1 heartbeats in 9147 nanos
2022-11-15 13:07:06,291 INFO [Process Cluster Protocol Request-4] o.a.n.c.p.impl.SocketProtocolListener Finished processing request e1508305-c365-44c2-8009-762aac4d3b29 (type=HEARTBEAT, length=2235 bytes) from mynifi:8080 in 1 millis
2022-11-15 13:07:06,291 INFO [Clustering Tasks Thread-3] o.a.n.c.c.ClusterProtocolHeartbeater Heartbeat created at 2022-11-15 13:07:06,278 and sent to mynifi:8082 at 2022-11-15 13:07:06,291; send took 12 millis
2022-11-15 13:07:09,431 INFO [Heartbeat Monitor Thread-1] o.a.n.c.c.h.AbstractHeartbeatMonitor Finished processing 1 heartbeats in 13892 nanos
2022-11-15 13:07:11,305 INFO [Process Cluster Protocol Request-5] o.a.n.c.p.impl.SocketProtocolListener Finished processing request 579d6431-368d-4ca6-be5d-5c03a40ea3d7 (type=HEARTBEAT, length=2235 bytes) from mynifi:8080 in 5 millis
2022-11-15 13:07:11,307 INFO [Clustering Tasks Thread-3] o.a.n.c.c.ClusterProtocolHeartbeater Heartbeat created at 2022-11-15 13:07:11,292 and sent to mynifi:8082 at 2022-11-15 13:07:11,307; send took 15 millis
2022-11-15 13:07:14,432 INFO [Heartbeat Monitor Thread-1] o.a.n.c.c.h.AbstractHeartbeatMonitor Finished processing 1 heartbeats in 13490 nanos
2022-11-15 13:07:15,886 INFO [pool-13-thread-1] o.a.n.c.r.WriteAheadFlowFileRepository Initiating checkpoint of FlowFile Repository
2022-11-15 13:07:15,886 INFO [pool-13-thread-1] o.a.n.c.r.WriteAheadFlowFileRepository Successfully checkpointed FlowFile Repository with 0 records in 0 milliseconds
2022-11-15 13:07:16,325 INFO [Process Cluster Protocol Request-6] o.a.n.c.p.impl.SocketProtocolListener Finished processing request f9de654a-6dab-48ac-9d3c-4634e2c0733c (type=HEARTBEAT, length=2235 bytes) from mynifi:8080 in 3 millis
2022-11-15 13:07:16,331 INFO [Clustering Tasks Thread-3] o.a.n.c.c.ClusterProtocolHeartbeater Heartbeat created at 2022-11-15 13:07:16,310 and sent to mynifi:8082 at 2022-11-15 13:07:16,331; send took 20 millis
2022-11-15 13:07:19,432 INFO [Heartbeat Monitor Thread-1] o.a.n.c.c.h.AbstractHeartbeatMonitor Finished processing 1 heartbeats in 12576 nanos
2022-11-15 13:07:21,345 INFO [Process Cluster Protocol Request-7] o.a.n.c.p.impl.SocketProtocolListener Finished processing request d6eab70a-2b55-470d-abdd-8bb4cb227599 (type=HEARTBEAT, length=2235 bytes) from mynifi:8080 in 1 millis
2022-11-15 13:07:21,346 INFO [Clustering Tasks Thread-3] o.a.n.c.c.ClusterProtocolHeartbeater Heartbeat created at 2022-11-15 13:07:21,332 and sent to mynifi:8082 at 2022-11-15 13:07:21,346; send took 14 millis
2022-11-15 13:07:24,434 INFO [Heartbeat Monitor Thread-1] o.a.n.c.c.h.AbstractHeartbeatMonitor Finished processing 1 heartbeats in 14334 nanos
2022-11-15 13:07:26,379 INFO [Process Cluster Protocol Request-8] o.a.n.c.p.impl.SocketProtocolListener Finished processing request f48e50f3-407b-40fe-bbfa-fcddbaf932c0 (type=HEARTBEAT, length=2235 bytes) from mynifi:8080 in 21 millis
2022-11-15 13:07:26,388 INFO [Clustering Tasks Thread-3] o.a.n.c.c.ClusterProtocolHeartbeater Heartbeat created at 2022-11-15 13:07:26,347 and sent to mynifi:8082 at 2022-11-15 13:07:26,388; send took 41 millis
2022-11-15 13:07:29,437 INFO [Heartbeat Monitor Thread-1] o.a.n.c.c.h.AbstractHeartbeatMonitor Finished processing 1 heartbeats in 26011 nanos
2022-11-15 13:07:31,408 INFO [Process Cluster Protocol Request-9] o.a.n.c.p.impl.SocketProtocolListener Finished processing request f578e074-cfa5-4872-a378-60b868f98273 (type=HEARTBEAT, length=2235 bytes) from mynifi:8080 in 3 millis
2022-11-15 13:07:31,409 INFO [Clustering Tasks Thread-3] o.a.n.c.c.ClusterProtocolHeartbeater Heartbeat created at 2022-11-15 13:07:31,388 and sent to mynifi:8082 at 2022-11-15 13:07:31,409; send took 21 millis
2022-11-15 13:07:34,437 INFO [Heartbeat Monitor Thread-1] o.a.n.c.c.h.AbstractHeartbeatMonitor Finished processing 1 heartbeats in 12981 nanos
2022-11-15 13:07:35,886 INFO [pool-13-thread-1] o.a.n.c.r.WriteAheadFlowFileRepository Initiating checkpoint of FlowFile Repository
2022-11-15 13:07:35,887 INFO [pool-13-thread-1] o.a.n.c.r.WriteAheadFlowFileRepository Successfully checkpointed FlowFile Repository with 0 records in 0 milliseconds
2022-11-15 13:07:36,416 INFO [Process Cluster Protocol Request-10] o.a.n.c.p.impl.SocketProtocolListener Finished processing request e0e2064a-3a99-497a-8e1e-ff6e568a53c2 (type=HEARTBEAT, length=2235 bytes) from mynifi:8080 in 1 millis
2022-11-15 13:07:36,422 INFO [Clustering Tasks Thread-3] o.a.n.c.c.ClusterProtocolHeartbeater Heartbeat created at 2022-11-15 13:07:36,409 and sent to mynifi:8082 at 2022-11-15 13:07:36,422; send took 10 millis
2022-11-15 13:07:39,438 INFO [Heartbeat Monitor Thread-1] o.a.n.c.c.h.AbstractHeartbeatMonitor Finished processing 1 heartbeats in 12949 nanos
2022-11-15 13:07:41,430 INFO [Process Cluster Protocol Request-1] o.a.n.c.p.impl.SocketProtocolListener Finished processing request bad9f37a-fe1a-4dd2-b8e9-2daf8424de1a (type=HEARTBEAT, length=2235 bytes) from mynifi:8080 in 966028 nanos
2022-11-15 13:07:41,431 INFO [Clustering Tasks Thread-3] o.a.n.c.c.ClusterProtocolHeartbeater Heartbeat created at 2022-11-15 13:07:41,424 and sent to mynifi:8082 at 2022-11-15 13:07:41,431; send took 6 millis
2022-11-15 13:07:44,438 INFO [Heartbeat Monitor Thread-1] o.a.n.c.c.h.AbstractHeartbeatMonitor Finished processing 1 heartbeats in 13118 nanos
2022-11-15 13:07:46,451 INFO [Process Cluster Protocol Request-2] o.a.n.c.p.impl.SocketProtocolListener Finished processing request e36a9216-430d-43b7-bd58-1e40212a0a06 (type=HEARTBEAT, length=2235 bytes) from mynifi:8080 in 1 millis
2022-11-15 13:07:46,455 INFO [Clustering Tasks Thread-3] o.a.n.c.c.ClusterProtocolHeartbeater Heartbeat created at 2022-11-15 13:07:46,432 and sent to mynifi:8082 at 2022-11-15 13:07:46,455; send took 23 millis
2022-11-15 13:07:49,438 INFO [Heartbeat Monitor Thread-1] o.a.n.c.c.h.AbstractHeartbeatMonitor Finished processing 1 heartbeats in 15506 nanos
2022-11-15 13:07:51,461 INFO [Process Cluster Protocol Request-3] o.a.n.c.p.impl.SocketProtocolListener Finished processing request 0bf18a7e-48a4-48f3-b189-eee1f485928a (type=HEARTBEAT, length=2235 bytes) from mynifi:8080 in 1 millis
2022-11-15 13:07:51,467 INFO [Clustering Tasks Thread-3] o.a.n.c.c.ClusterProtocolHeartbeater Heartbeat created at 2022-11-15 13:07:51,457 and sent to mynifi:8082 at 2022-11-15 13:07:51,467; send took 9 millis
2022-11-15 13:07:54,439 INFO [Heartbeat Monitor Thread-1] o.a.n.c.c.h.AbstractHeartbeatMonitor Finished processing 1 heartbeats in 14534 nanos
2022-11-15 13:07:55,887 INFO [pool-13-thread-1] o.a.n.c.r.WriteAheadFlowFileRepository Initiating checkpoint of FlowFile Repository
2022-11-15 13:07:55,887 INFO [pool-13-thread-1] o.a.n.c.r.WriteAheadFlowFileRepository Successfully checkpointed FlowFile Repository with 0 records in 0 milliseconds
2022-11-15 13:07:56,346 INFO [Write-Ahead Local State Provider Maintenance] org.wali.MinimalLockingWriteAheadLog org.wali.MinimalLockingWriteAheadLog@58bdcf40 checkpointed with 11 Records and 0 Swap Files in 26 milliseconds (Stop-the-world time = 0 milliseconds, Clear Edit Logs time = 0 millis), max Transaction ID 37
2022-11-15 13:07:56,400 INFO [Cleanup Archive for default] o.a.n.c.repository.FileSystemRepository Successfully deleted 0 files (0 bytes) from archive
2022-11-15 13:07:56,479 INFO [Process Cluster Protocol Request-4] o.a.n.c.p.impl.SocketProtocolListener Finished processing request 8c1fc3bc-d877-4cd2-bac7-2067fbd3065a (type=HEARTBEAT, length=2235 bytes) from mynifi:8080 in 1 millis
2022-11-15 13:07:56,480 INFO [Clustering Tasks Thread-3] o.a.n.c.c.ClusterProtocolHeartbeater Heartbeat created at 2022-11-15 13:07:56,467 and sent to mynifi:8082 at 2022-11-15 13:07:56,480; send took 12 millis
2022-11-15 13:07:59,439 INFO [Heartbeat Monitor Thread-1] o.a.n.c.c.h.AbstractHeartbeatMonitor Finished processing 1 heartbeats in 51524 nanos
2022-11-15 13:08:01,504 INFO [Process Cluster Protocol Request-5] o.a.n.c.p.impl.SocketProtocolListener Finished processing request b906035a-6553-45d6-8b96-cd94907d27b1 (type=HEARTBEAT, length=2235 bytes) from mynifi:8080 in 6 millis
2022-11-15 13:08:01,506 INFO [Clustering Tasks Thread-3] o.a.n.c.c.ClusterProtocolHeartbeater Heartbeat created at 2022-11-15 13:08:01,486 and sent to mynifi:8082 at 2022-11-15 13:08:01,506; send took 19 millis
